13.03.58:065	Start CardRoute service
13.04.20:767	CardRoute service stopping...Wait for all thread terminating
13.04.30:669	Cdp proccess error: System.Data.SqlClient.SqlException (0x80131904): Время ожидания выполнения истекло. Время ожидания истекло до завершения операции, или сервер не отвечает. ---> System.ComponentModel.Win32Exception (0x80004005): Время ожидания операции истекло
   в System.Data.SqlClient.SqlConnection.OnError(SqlException exception, Boolean breakConnection, Action`1 wrapCloseInAction)
   в System.Data.SqlClient.SqlInternalConnection.OnError(SqlException exception, Boolean breakConnection, Action`1 wrapCloseInAction)
   в System.Data.SqlClient.TdsParser.ThrowExceptionAndWarning(TdsParserStateObject stateObj, Boolean callerHasConnectionLock, Boolean asyncClose)
   в System.Data.SqlClient.TdsParser.TryRun(RunBehavior runBehavior, SqlCommand cmdHandler, SqlDataReader dataStream, BulkCopySimpleResultSet bulkCopyHandler, TdsParserStateObject stateObj, Boolean& dataReady)
   в System.Data.SqlClient.SqlDataReader.TrySetMetaData(_SqlMetaDataSet metaData, Boolean moreInfo)
   в System.Data.SqlClient.TdsParser.TryRun(RunBehavior runBehavior, SqlCommand cmdHandler, SqlDataReader dataStream, BulkCopySimpleResultSet bulkCopyHandler, TdsParserStateObject stateObj, Boolean& dataReady)
   в System.Data.SqlClient.SqlDataReader.TryConsumeMetaData()
   в System.Data.SqlClient.SqlDataReader.get_MetaData()
   в System.Data.SqlClient.SqlCommand.FinishExecuteReader(SqlDataReader ds, RunBehavior runBehavior, String resetOptionsString, Boolean isInternal, Boolean forDescribeParameterEncryption, Boolean shouldCacheForAlwaysEncrypted)
   в System.Data.SqlClient.SqlCommand.RunExecuteReaderTds(CommandBehavior cmdBehavior, RunBehavior runBehavior, Boolean returnStream, Boolean async, Int32 timeout, Task& task, Boolean asyncWrite, Boolean inRetry, SqlDataReader ds, Boolean describeParameterEncryptionRequest)
   в System.Data.SqlClient.SqlCommand.RunExecuteReader(CommandBehavior cmdBehavior, RunBehavior runBehavior, Boolean returnStream, String method, TaskCompletionSource`1 completion, Int32 timeout, Task& task, Boolean& usedCache, Boolean asyncWrite, Boolean inRetry)
   в System.Data.SqlClient.SqlCommand.RunExecuteReader(CommandBehavior cmdBehavior, RunBehavior runBehavior, Boolean returnStream, String method)
   в System.Data.SqlClient.SqlCommand.ExecuteReader(CommandBehavior behavior, String method)
   в System.Data.SqlClient.SqlCommand.ExecuteReader()
   в CardRoute.CardRouteService.TimerCdp_Elapsed(Object sender, ElapsedEventArgs e) в D:\Work\CardRoute\CardRoute\CardRouteService.cs:строка 1158
ClientConnectionId:d05f0ae5-275d-4d15-ab26-979e67c1baae
Error Number: -2, State: 0, Class: 11
13.04.33:514	CardRoute service stopped
14.09.43:539	Start CardRoute service
14.10.56:540	CardRoute service stopping...Wait for all thread terminating
14.11.03:695	CardRoute service stopped
14.11.25:927	Start CardRoute service
14.11.58:404	Report error: Время ожидания выполнения истекло. Время ожидания истекло до завершения операции, или сервер не отвечает.
14.11.58:415	Issue error: System.Data.SqlClient.SqlException (0x80131904): Время ожидания выполнения истекло. Время ожидания истекло до завершения операции, или сервер не отвечает. ---> System.ComponentModel.Win32Exception (0x80004005): Время ожидания операции истекло
   в System.Data.SqlClient.SqlConnection.OnError(SqlException exception, Boolean breakConnection, Action`1 wrapCloseInAction)
   в System.Data.SqlClient.SqlInternalConnection.OnError(SqlException exception, Boolean breakConnection, Action`1 wrapCloseInAction)
   в System.Data.SqlClient.TdsParser.ThrowExceptionAndWarning(TdsParserStateObject stateObj, Boolean callerHasConnectionLock, Boolean asyncClose)
   в System.Data.SqlClient.TdsParser.TryRun(RunBehavior runBehavior, SqlCommand cmdHandler, SqlDataReader dataStream, BulkCopySimpleResultSet bulkCopyHandler, TdsParserStateObject stateObj, Boolean& dataReady)
   в System.Data.SqlClient.SqlDataReader.TrySetMetaData(_SqlMetaDataSet metaData, Boolean moreInfo)
   в System.Data.SqlClient.TdsParser.TryRun(RunBehavior runBehavior, SqlCommand cmdHandler, SqlDataReader dataStream, BulkCopySimpleResultSet bulkCopyHandler, TdsParserStateObject stateObj, Boolean& dataReady)
   в System.Data.SqlClient.SqlDataReader.TryConsumeMetaData()
   в System.Data.SqlClient.SqlDataReader.get_MetaData()
   в System.Data.SqlClient.SqlCommand.FinishExecuteReader(SqlDataReader ds, RunBehavior runBehavior, String resetOptionsString, Boolean isInternal, Boolean forDescribeParameterEncryption, Boolean shouldCacheForAlwaysEncrypted)
   в System.Data.SqlClient.SqlCommand.RunExecuteReaderTds(CommandBehavior cmdBehavior, RunBehavior runBehavior, Boolean returnStream, Boolean async, Int32 timeout, Task& task, Boolean asyncWrite, Boolean inRetry, SqlDataReader ds, Boolean describeParameterEncryptionRequest)
   в System.Data.SqlClient.SqlCommand.RunExecuteReader(CommandBehavior cmdBehavior, RunBehavior runBehavior, Boolean returnStream, String method, TaskCompletionSource`1 completion, Int32 timeout, Task& task, Boolean& usedCache, Boolean asyncWrite, Boolean inRetry)
   в System.Data.SqlClient.SqlCommand.RunExecuteReader(CommandBehavior cmdBehavior, RunBehavior runBehavior, Boolean returnStream, String method)
   в System.Data.SqlClient.SqlCommand.ExecuteReader(CommandBehavior behavior, String method)
   в System.Data.SqlClient.SqlCommand.ExecuteReader()
   в CardRoute.CardRouteService.TimerIssue_Elapsed(Object sender, ElapsedEventArgs e) в D:\Work\CardRoute\CardRoute\CardRouteService.cs:строка 571
ClientConnectionId:379d6c98-367c-4d09-a8db-3a5a451990d5
Error Number: -2, State: 0, Class: 11
14.11.58:430	Cdp proccess error: System.Data.SqlClient.SqlException (0x80131904): Время ожидания выполнения истекло. Время ожидания истекло до завершения операции, или сервер не отвечает. ---> System.ComponentModel.Win32Exception (0x80004005): Время ожидания операции истекло
   в System.Data.SqlClient.SqlConnection.OnError(SqlException exception, Boolean breakConnection, Action`1 wrapCloseInAction)
   в System.Data.SqlClient.SqlInternalConnection.OnError(SqlException exception, Boolean breakConnection, Action`1 wrapCloseInAction)
   в System.Data.SqlClient.TdsParser.ThrowExceptionAndWarning(TdsParserStateObject stateObj, Boolean callerHasConnectionLock, Boolean asyncClose)
   в System.Data.SqlClient.TdsParser.TryRun(RunBehavior runBehavior, SqlCommand cmdHandler, SqlDataReader dataStream, BulkCopySimpleResultSet bulkCopyHandler, TdsParserStateObject stateObj, Boolean& dataReady)
   в System.Data.SqlClient.SqlDataReader.TrySetMetaData(_SqlMetaDataSet metaData, Boolean moreInfo)
   в System.Data.SqlClient.TdsParser.TryRun(RunBehavior runBehavior, SqlCommand cmdHandler, SqlDataReader dataStream, BulkCopySimpleResultSet bulkCopyHandler, TdsParserStateObject stateObj, Boolean& dataReady)
   в System.Data.SqlClient.SqlDataReader.TryConsumeMetaData()
   в System.Data.SqlClient.SqlDataReader.get_MetaData()
   в System.Data.SqlClient.SqlCommand.FinishExecuteReader(SqlDataReader ds, RunBehavior runBehavior, String resetOptionsString, Boolean isInternal, Boolean forDescribeParameterEncryption, Boolean shouldCacheForAlwaysEncrypted)
   в System.Data.SqlClient.SqlCommand.RunExecuteReaderTds(CommandBehavior cmdBehavior, RunBehavior runBehavior, Boolean returnStream, Boolean async, Int32 timeout, Task& task, Boolean asyncWrite, Boolean inRetry, SqlDataReader ds, Boolean describeParameterEncryptionRequest)
   в System.Data.SqlClient.SqlCommand.RunExecuteReader(CommandBehavior cmdBehavior, RunBehavior runBehavior, Boolean returnStream, String method, TaskCompletionSource`1 completion, Int32 timeout, Task& task, Boolean& usedCache, Boolean asyncWrite, Boolean inRetry)
   в System.Data.SqlClient.SqlCommand.RunExecuteReader(CommandBehavior cmdBehavior, RunBehavior runBehavior, Boolean returnStream, String method)
   в System.Data.SqlClient.SqlCommand.ExecuteReader(CommandBehavior behavior, String method)
   в System.Data.SqlClient.SqlCommand.ExecuteReader()
   в CardRoute.CardRouteService.TimerCdp_Elapsed(Object sender, ElapsedEventArgs e) в D:\Work\CardRoute\CardRoute\CardRouteService.cs:строка 1163
ClientConnectionId:4ae674af-7411-47eb-a129-4df121a85899
Error Number: -2, State: 0, Class: 11
14.12.30:435	Report error: Время ожидания выполнения истекло. Время ожидания истекло до завершения операции, или сервер не отвечает.
14.12.32:647	Cdp proccess error: System.Data.SqlClient.SqlException (0x80131904): Время ожидания выполнения истекло. Время ожидания истекло до завершения операции, или сервер не отвечает. ---> System.ComponentModel.Win32Exception (0x80004005): Время ожидания операции истекло
   в System.Data.SqlClient.SqlConnection.OnError(SqlException exception, Boolean breakConnection, Action`1 wrapCloseInAction)
   в System.Data.SqlClient.SqlInternalConnection.OnError(SqlException exception, Boolean breakConnection, Action`1 wrapCloseInAction)
   в System.Data.SqlClient.TdsParser.ThrowExceptionAndWarning(TdsParserStateObject stateObj, Boolean callerHasConnectionLock, Boolean asyncClose)
   в System.Data.SqlClient.TdsParser.TryRun(RunBehavior runBehavior, SqlCommand cmdHandler, SqlDataReader dataStream, BulkCopySimpleResultSet bulkCopyHandler, TdsParserStateObject stateObj, Boolean& dataReady)
   в System.Data.SqlClient.SqlDataReader.TryConsumeMetaData()
   в System.Data.SqlClient.SqlDataReader.get_MetaData()
   в System.Data.SqlClient.SqlCommand.FinishExecuteReader(SqlDataReader ds, RunBehavior runBehavior, String resetOptionsString, Boolean isInternal, Boolean forDescribeParameterEncryption, Boolean shouldCacheForAlwaysEncrypted)
   в System.Data.SqlClient.SqlCommand.RunExecuteReaderTds(CommandBehavior cmdBehavior, RunBehavior runBehavior, Boolean returnStream, Boolean async, Int32 timeout, Task& task, Boolean asyncWrite, Boolean inRetry, SqlDataReader ds, Boolean describeParameterEncryptionRequest)
   в System.Data.SqlClient.SqlCommand.RunExecuteReader(CommandBehavior cmdBehavior, RunBehavior runBehavior, Boolean returnStream, String method, TaskCompletionSource`1 completion, Int32 timeout, Task& task, Boolean& usedCache, Boolean asyncWrite, Boolean inRetry)
   в System.Data.SqlClient.SqlCommand.RunExecuteReader(CommandBehavior cmdBehavior, RunBehavior runBehavior, Boolean returnStream, String method)
   в System.Data.SqlClient.SqlCommand.ExecuteReader(CommandBehavior behavior, String method)
   в System.Data.SqlClient.SqlCommand.ExecuteReader()
   в CardRoute.CardRouteService.TimerCdp_Elapsed(Object sender, ElapsedEventArgs e) в D:\Work\CardRoute\CardRoute\CardRouteService.cs:строка 1163
ClientConnectionId:1f50268a-78b6-472d-a62e-196386411b51
Error Number: -2, State: 0, Class: 11
14.13.02:696	Report error: Время ожидания выполнения истекло. Время ожидания истекло до завершения операции, или сервер не отвечает.
14.13.05:473	CardRoute service stopping...Wait for all thread terminating
14.13.06:531	Cdp proccess error: System.Data.SqlClient.SqlException (0x80131904): Время ожидания выполнения истекло. Время ожидания истекло до завершения операции, или сервер не отвечает. ---> System.ComponentModel.Win32Exception (0x80004005): Время ожидания операции истекло
   в System.Data.SqlClient.SqlConnection.OnError(SqlException exception, Boolean breakConnection, Action`1 wrapCloseInAction)
   в System.Data.SqlClient.SqlInternalConnection.OnError(SqlException exception, Boolean breakConnection, Action`1 wrapCloseInAction)
   в System.Data.SqlClient.TdsParser.ThrowExceptionAndWarning(TdsParserStateObject stateObj, Boolean callerHasConnectionLock, Boolean asyncClose)
   в System.Data.SqlClient.TdsParser.TryRun(RunBehavior runBehavior, SqlCommand cmdHandler, SqlDataReader dataStream, BulkCopySimpleResultSet bulkCopyHandler, TdsParserStateObject stateObj, Boolean& dataReady)
   в System.Data.SqlClient.SqlDataReader.TrySetMetaData(_SqlMetaDataSet metaData, Boolean moreInfo)
   в System.Data.SqlClient.TdsParser.TryRun(RunBehavior runBehavior, SqlCommand cmdHandler, SqlDataReader dataStream, BulkCopySimpleResultSet bulkCopyHandler, TdsParserStateObject stateObj, Boolean& dataReady)
   в System.Data.SqlClient.SqlDataReader.TryConsumeMetaData()
   в System.Data.SqlClient.SqlDataReader.get_MetaData()
   в System.Data.SqlClient.SqlCommand.FinishExecuteReader(SqlDataReader ds, RunBehavior runBehavior, String resetOptionsString, Boolean isInternal, Boolean forDescribeParameterEncryption, Boolean shouldCacheForAlwaysEncrypted)
   в System.Data.SqlClient.SqlCommand.RunExecuteReaderTds(CommandBehavior cmdBehavior, RunBehavior runBehavior, Boolean returnStream, Boolean async, Int32 timeout, Task& task, Boolean asyncWrite, Boolean inRetry, SqlDataReader ds, Boolean describeParameterEncryptionRequest)
   в System.Data.SqlClient.SqlCommand.RunExecuteReader(CommandBehavior cmdBehavior, RunBehavior runBehavior, Boolean returnStream, String method, TaskCompletionSource`1 completion, Int32 timeout, Task& task, Boolean& usedCache, Boolean asyncWrite, Boolean inRetry)
   в System.Data.SqlClient.SqlCommand.RunExecuteReader(CommandBehavior cmdBehavior, RunBehavior runBehavior, Boolean returnStream, String method)
   в System.Data.SqlClient.SqlCommand.ExecuteReader(CommandBehavior behavior, String method)
   в System.Data.SqlClient.SqlCommand.ExecuteReader()
   в CardRoute.CardRouteService.TimerCdp_Elapsed(Object sender, ElapsedEventArgs e) в D:\Work\CardRoute\CardRoute\CardRouteService.cs:строка 1163
ClientConnectionId:e1ebc57c-2635-4ad1-a623-068930866710
Error Number: -2, State: 0, Class: 11
14.13.34:715	Report error: Время ожидания выполнения истекло. Время ожидания истекло до завершения операции, или сервер не отвечает.
14.13.34:795	CardRoute service stopped
14.43.43:414	Start CardRoute service
14.44.21:885	Cdp proccess error: System.Data.SqlClient.SqlException (0x80131904): Время ожидания выполнения истекло. Время ожидания истекло до завершения операции, или сервер не отвечает. ---> System.ComponentModel.Win32Exception (0x80004005): Время ожидания операции истекло
   в System.Data.SqlClient.SqlConnection.OnError(SqlException exception, Boolean breakConnection, Action`1 wrapCloseInAction)
   в System.Data.SqlClient.SqlInternalConnection.OnError(SqlException exception, Boolean breakConnection, Action`1 wrapCloseInAction)
   в System.Data.SqlClient.TdsParser.ThrowExceptionAndWarning(TdsParserStateObject stateObj, Boolean callerHasConnectionLock, Boolean asyncClose)
   в System.Data.SqlClient.TdsParser.TryRun(RunBehavior runBehavior, SqlCommand cmdHandler, SqlDataReader dataStream, BulkCopySimpleResultSet bulkCopyHandler, TdsParserStateObject stateObj, Boolean& dataReady)
   в System.Data.SqlClient.SqlDataReader.TryConsumeMetaData()
   в System.Data.SqlClient.SqlDataReader.get_MetaData()
   в System.Data.SqlClient.SqlCommand.FinishExecuteReader(SqlDataReader ds, RunBehavior runBehavior, String resetOptionsString, Boolean isInternal, Boolean forDescribeParameterEncryption, Boolean shouldCacheForAlwaysEncrypted)
   в System.Data.SqlClient.SqlCommand.RunExecuteReaderTds(CommandBehavior cmdBehavior, RunBehavior runBehavior, Boolean returnStream, Boolean async, Int32 timeout, Task& task, Boolean asyncWrite, Boolean inRetry, SqlDataReader ds, Boolean describeParameterEncryptionRequest)
   в System.Data.SqlClient.SqlCommand.RunExecuteReader(CommandBehavior cmdBehavior, RunBehavior runBehavior, Boolean returnStream, String method, TaskCompletionSource`1 completion, Int32 timeout, Task& task, Boolean& usedCache, Boolean asyncWrite, Boolean inRetry)
   в System.Data.SqlClient.SqlCommand.RunExecuteReader(CommandBehavior cmdBehavior, RunBehavior runBehavior, Boolean returnStream, String method)
   в System.Data.SqlClient.SqlCommand.ExecuteReader(CommandBehavior behavior, String method)
   в System.Data.SqlClient.SqlCommand.ExecuteReader()
   в CardRoute.CardRouteService.TimerCdp_Elapsed(Object sender, ElapsedEventArgs e) в D:\Work\CardRoute\CardRoute\CardRouteService.cs:строка 1163
ClientConnectionId:9f5a653b-ed4c-48f1-bac0-87e2e3c93638
Error Number: -2, State: 0, Class: 11
14.46.50:007	CardRoute service stopping...Wait for all thread terminating
14.46.50:007	CardRoute service stopped
14.47.37:538	Start CardRoute service
14.49.15:438	Ошибка выпуска: Файл 'D:\Work\CardRoute\ConsoleService\bin\Debug\Designs\emboss.xml' не найден.
14.51.42:875	CardRoute service stopping...Wait for all thread terminating
14.51.42:876	CardRoute service stopped
14.56.04:675	Start CardRoute service
14.57.37:699	CardRoute service stopping...Wait for all thread terminating
14.57.37:699	CardRoute service stopped
15.23.52:045	Start CardRoute service
15.55.41:594	CardRoute service stopping...Wait for all thread terminating
15.55.41:594	CardRoute service stopped
17.05.06:547	Start CardRoute service
17.05.09:074	CardRoute service stopping...Wait for all thread terminating
17.05.09:074	CardRoute service stopped
