12.01.31:356	Start CardRoute service
12.23.39:889	CardRoute service stopping...Wait for all thread terminating
12.23.39:889	CardRoute service stopped
12.23.51:207	Start CardRoute service
12.24.23:403	Issue error: System.Data.SqlClient.SqlException (0x80131904): Время ожидания выполнения истекло. Время ожидания истекло до завершения операции, или сервер не отвечает. ---> System.ComponentModel.Win32Exception (0x80004005): Время ожидания операции истекло
   в System.Data.SqlClient.SqlConnection.OnError(SqlException exception, Boolean breakConnection, Action`1 wrapCloseInAction)
   в System.Data.SqlClient.SqlInternalConnection.OnError(SqlException exception, Boolean breakConnection, Action`1 wrapCloseInAction)
   в System.Data.SqlClient.TdsParser.ThrowExceptionAndWarning(TdsParserStateObject stateObj, Boolean callerHasConnectionLock, Boolean asyncClose)
   в System.Data.SqlClient.TdsParser.TryRun(RunBehavior runBehavior, SqlCommand cmdHandler, SqlDataReader dataStream, BulkCopySimpleResultSet bulkCopyHandler, TdsParserStateObject stateObj, Boolean& dataReady)
   в System.Data.SqlClient.SqlDataReader.TrySetMetaData(_SqlMetaDataSet metaData, Boolean moreInfo)
   в System.Data.SqlClient.TdsParser.TryRun(RunBehavior runBehavior, SqlCommand cmdHandler, SqlDataReader dataStream, BulkCopySimpleResultSet bulkCopyHandler, TdsParserStateObject stateObj, Boolean& dataReady)
   в System.Data.SqlClient.SqlDataReader.TryConsumeMetaData()
   в System.Data.SqlClient.SqlDataReader.get_MetaData()
   в System.Data.SqlClient.SqlCommand.FinishExecuteReader(SqlDataReader ds, RunBehavior runBehavior, String resetOptionsString, Boolean isInternal, Boolean forDescribeParameterEncryption, Boolean shouldCacheForAlwaysEncrypted)
   в System.Data.SqlClient.SqlCommand.RunExecuteReaderTds(CommandBehavior cmdBehavior, RunBehavior runBehavior, Boolean returnStream, Boolean async, Int32 timeout, Task& task, Boolean asyncWrite, Boolean inRetry, SqlDataReader ds, Boolean describeParameterEncryptionRequest)
   в System.Data.SqlClient.SqlCommand.RunExecuteReader(CommandBehavior cmdBehavior, RunBehavior runBehavior, Boolean returnStream, String method, TaskCompletionSource`1 completion, Int32 timeout, Task& task, Boolean& usedCache, Boolean asyncWrite, Boolean inRetry)
   в System.Data.SqlClient.SqlCommand.RunExecuteReader(CommandBehavior cmdBehavior, RunBehavior runBehavior, Boolean returnStream, String method)
   в System.Data.SqlClient.SqlCommand.ExecuteReader(CommandBehavior behavior, String method)
   в System.Data.SqlClient.SqlCommand.ExecuteReader()
   в CardRoute.CardRouteService.TimerIssue_Elapsed(Object sender, ElapsedEventArgs e) в D:\Work\CardRoute\CardRoute\CardRouteService.cs:строка 702
ClientConnectionId:ab5dc32a-0563-4bf8-b9a8-5fc134cc420a
Error Number: -2, State: 0, Class: 11
12.24.34:072	CardRoute service stopping...Wait for all thread terminating
12.24.52:818	CardRoute service stopped
12.26.26:748	Start CardRoute service
12.31.01:423	CardRoute service stopping...Wait for all thread terminating
12.31.02:640	CardRoute service stopped
12.32.48:109	Start CardRoute service
12.32.58:983	Ошибка выпуска: Недопустимый URI: Невозможно выполнить разбор имени хоста.
12.33.41:532	Ошибка выпуска: Недопустимый URI: Невозможно выполнить разбор имени хоста.
12.33.43:504	CardRoute service stopping...Wait for all thread terminating
12.33.43:504	CardRoute service stopped
12.35.01:140	Start CardRoute service
12.36.10:587	Ошибка выпуска: Прослушивание на https://213.251.249.148:54020/ не выполняла ни одна конечная точка, которая могла бы принять сообщение. Среди прочих причин это могло быть вызвано неправильным адресом или действием SOAP. Подробнее см. в описании InnerException (если имеется).
12.41.54:311	CardRoute service stopping...Wait for all thread terminating
12.41.54:311	CardRoute service stopped
12.42.53:095	Start CardRoute service
12.45.04:112	Ошибка выпуска: Прослушивание на https://213.251.249.148:54020/ не выполняла ни одна конечная точка, которая могла бы принять сообщение. Среди прочих причин это могло быть вызвано неправильным адресом или действием SOAP. Подробнее см. в описании InnerException (если имеется).
13.06.50:920	CardRoute service stopping...Wait for all thread terminating
13.06.50:936	CardRoute service stopped
13.43.22:999	Start CardRoute service
13.44.57:787	Ошибка выпуска: Прослушивание на https://213.251.249.148:54020/ не выполняла ни одна конечная точка, которая могла бы принять сообщение. Среди прочих причин это могло быть вызвано неправильным адресом или действием SOAP. Подробнее см. в описании InnerException (если имеется).
13.48.40:079	CardRoute service stopping...Wait for all thread terminating
13.48.40:079	CardRoute service stopped
16.31.45:281	Start CardRoute service
16.32.17:816	Issue error: System.Data.SqlClient.SqlException (0x80131904): Время ожидания выполнения истекло. Время ожидания истекло до завершения операции, или сервер не отвечает. ---> System.ComponentModel.Win32Exception (0x80004005): Время ожидания операции истекло
   в System.Data.SqlClient.SqlConnection.OnError(SqlException exception, Boolean breakConnection, Action`1 wrapCloseInAction)
   в System.Data.SqlClient.SqlInternalConnection.OnError(SqlException exception, Boolean breakConnection, Action`1 wrapCloseInAction)
   в System.Data.SqlClient.TdsParser.ThrowExceptionAndWarning(TdsParserStateObject stateObj, Boolean callerHasConnectionLock, Boolean asyncClose)
   в System.Data.SqlClient.TdsParser.TryRun(RunBehavior runBehavior, SqlCommand cmdHandler, SqlDataReader dataStream, BulkCopySimpleResultSet bulkCopyHandler, TdsParserStateObject stateObj, Boolean& dataReady)
   в System.Data.SqlClient.SqlDataReader.TrySetMetaData(_SqlMetaDataSet metaData, Boolean moreInfo)
   в System.Data.SqlClient.TdsParser.TryRun(RunBehavior runBehavior, SqlCommand cmdHandler, SqlDataReader dataStream, BulkCopySimpleResultSet bulkCopyHandler, TdsParserStateObject stateObj, Boolean& dataReady)
   в System.Data.SqlClient.SqlDataReader.TryConsumeMetaData()
   в System.Data.SqlClient.SqlDataReader.get_MetaData()
   в System.Data.SqlClient.SqlCommand.FinishExecuteReader(SqlDataReader ds, RunBehavior runBehavior, String resetOptionsString, Boolean isInternal, Boolean forDescribeParameterEncryption, Boolean shouldCacheForAlwaysEncrypted)
   в System.Data.SqlClient.SqlCommand.RunExecuteReaderTds(CommandBehavior cmdBehavior, RunBehavior runBehavior, Boolean returnStream, Boolean async, Int32 timeout, Task& task, Boolean asyncWrite, Boolean inRetry, SqlDataReader ds, Boolean describeParameterEncryptionRequest)
   в System.Data.SqlClient.SqlCommand.RunExecuteReader(CommandBehavior cmdBehavior, RunBehavior runBehavior, Boolean returnStream, String method, TaskCompletionSource`1 completion, Int32 timeout, Task& task, Boolean& usedCache, Boolean asyncWrite, Boolean inRetry)
   в System.Data.SqlClient.SqlCommand.RunExecuteReader(CommandBehavior cmdBehavior, RunBehavior runBehavior, Boolean returnStream, String method)
   в System.Data.SqlClient.SqlCommand.ExecuteReader(CommandBehavior behavior, String method)
   в System.Data.SqlClient.SqlCommand.ExecuteReader()
   в CardRoute.CardRouteService.TimerIssue_Elapsed(Object sender, ElapsedEventArgs e) в D:\Work\CardRoute\CardRoute\CardRouteService.cs:строка 702
ClientConnectionId:79746ce9-aaac-4ec4-9c2c-4e982f9eccf6
Error Number: -2, State: 0, Class: 11
16.32.33:066	CardRoute service stopping...Wait for all thread terminating
16.32.46:113	CardRoute service stopped
16.34.48:590	Start CardRoute service
16.37.44:336	CardRoute service stopping...Wait for all thread terminating
16.40.52:058	interlocked not completed...
16.40.52:058	CardRoute service stopped
16.41.29:996	Start CardRoute service
16.43.52:444	Start CardRoute service
18.10.43:089	Start CardRoute service
18.12.25:672	CardRoute service stopping...Wait for all thread terminating
18.13.33:543	Start CardRoute service
18.15.18:125	CardRoute service stopping...Wait for all thread terminating
18.15.18:125	CardRoute service stopped
