19.58.02:441	Start CardRoute service
19.58.12:598	Database connection error: Не удается открыть базу данных "CardRoute", запрашиваемую именем входа. Не удалось выполнить вход.
При входе в систему пользователя "sa" произошла ошибка.
19.59.13:250	Stop CardRoute service
20.01.48:962	Start CardRoute service
20.01.52:773	Ошибка загрузки файла цепочки продукта
20.01.52:789	Ошибка загрузки файла цепочки продукта
20.01.52:836	Ошибка загрузки файла цепочки продукта
20.01.52:867	Ошибка загрузки файла цепочки продукта
20.01.52:883	Ошибка загрузки файла цепочки продукта
20.01.52:930	Ошибка загрузки файла цепочки продукта
20.01.52:961	Ошибка загрузки файла цепочки продукта
20.01.52:976	Ошибка загрузки файла цепочки продукта
20.01.53:008	Ошибка загрузки файла цепочки продукта
20.01.53:070	Ошибка загрузки файла цепочки продукта
20.01.53:086	Ошибка загрузки файла цепочки продукта
20.01.53:117	Ошибка загрузки файла цепочки продукта
20.01.53:164	Ошибка загрузки файла цепочки продукта
20.01.53:179	Ошибка загрузки файла цепочки продукта
20.01.53:211	Ошибка загрузки файла цепочки продукта
20.01.53:257	Ошибка загрузки файла цепочки продукта
20.01.53:351	Ошибка загрузки файла цепочки продукта
20.01.53:445	Ошибка загрузки файла цепочки продукта
20.01.53:586	Ошибка загрузки файла цепочки продукта
20.01.53:664	Ошибка загрузки файла цепочки продукта
20.01.53:820	Ошибка загрузки файла цепочки продукта
20.01.53:835	Ошибка загрузки файла цепочки продукта
20.01.53:867	Ошибка загрузки файла цепочки продукта
20.01.53:882	Ошибка загрузки файла цепочки продукта
20.01.53:898	Ошибка загрузки файла цепочки продукта
20.01.53:929	Ошибка загрузки файла цепочки продукта
20.01.53:945	Ошибка загрузки файла цепочки продукта
20.01.53:961	Ошибка загрузки файла цепочки продукта
20.01.53:976	Ошибка загрузки файла цепочки продукта
20.01.54:007	Ошибка загрузки файла цепочки продукта
20.01.54:554	Ошибка загрузки файла цепочки продукта
20.01.54:585	Ошибка загрузки файла цепочки продукта
20.01.54:601	Ошибка загрузки файла цепочки продукта
20.01.54:617	Ошибка загрузки файла цепочки продукта
20.01.54:632	Ошибка загрузки файла цепочки продукта
20.01.54:663	Ошибка загрузки файла цепочки продукта
20.01.54:679	Ошибка загрузки файла цепочки продукта
20.01.54:695	Ошибка загрузки файла цепочки продукта
20.01.54:710	Ошибка загрузки файла цепочки продукта
20.01.54:726	Ошибка загрузки файла цепочки продукта
20.01.54:945	Ошибка загрузки файла цепочки продукта
20.01.54:945	Ошибка загрузки файла цепочки продукта
20.01.54:960	Ошибка загрузки файла цепочки продукта
20.01.54:960	Ошибка загрузки файла цепочки продукта
20.01.54:976	Ошибка загрузки файла цепочки продукта
20.01.54:976	Ошибка загрузки файла цепочки продукта
20.01.54:991	Ошибка загрузки файла цепочки продукта
20.01.54:991	Ошибка загрузки файла цепочки продукта
20.01.55:007	Ошибка загрузки файла цепочки продукта
20.01.55:007	Ошибка загрузки файла цепочки продукта
20.01.55:023	Ошибка загрузки файла цепочки продукта
20.01.55:351	Ошибка загрузки файла цепочки продукта
20.01.55:351	Ошибка загрузки файла цепочки продукта
20.01.55:351	Ошибка загрузки файла цепочки продукта
20.01.55:351	Ошибка загрузки файла цепочки продукта
20.01.55:366	Ошибка загрузки файла цепочки продукта
20.01.55:366	Ошибка загрузки файла цепочки продукта
20.01.55:366	Ошибка загрузки файла цепочки продукта
20.01.55:382	Ошибка загрузки файла цепочки продукта
20.01.55:382	Ошибка загрузки файла цепочки продукта
20.01.55:382	Ошибка загрузки файла цепочки продукта
20.01.56:101	Stop CardRoute service
20.03.16:355	Start CardRoute service
